<?xml version="1.0" encoding="UTF-8"?>
<testsuite xmlns:xsi="http://www.w3.org/2001/XMLSchema-instance" xsi:noNamespaceSchemaLocation="https://maven.apache.org/surefire/maven-surefire-plugin/xsd/surefire-test-report-3.0.xsd" version="3.0" name="org.mybatis.jpetstore.mapper.CategoryMapperTest" time="0.06" tests="2" errors="0" skipped="0" failures="0">
  <properties>
[...]
</properties>
  <testcase name="getCategoryList" classname="org.mybatis.jpetstore.mapper.CategoryMapperTest" time="0.019">
    <system-err><![CDATA[[main] INFO org.springframework.test.context.support.DefaultTestContextBootstrapper - Loaded default TestExecutionListener class names from location [META-INF/spring.factories]: [org.springframework.test.context.web.ServletTestExecutionListener, org.springframework.test.context.support.DirtiesContextBeforeModesTestExecutionListener, org.springframework.test.context.event.ApplicationEventsTestExecutionListener, org.springframework.test.context.support.DependencyInjectionTestExecutionListener, org.springframework.test.context.support.DirtiesContextTestExecutionListener, org.springframework.test.context.transaction.TransactionalTestExecutionListener, org.springframework.test.context.jdbc.SqlScriptsTestExecutionListener, org.springframework.test.context.event.EventPublishingTestExecutionListener]
[main] INFO org.springframework.test.context.support.DefaultTestContextBootstrapper - Using TestExecutionListeners: [org.springframework.test.context.web.ServletTestExecutionListener@53791a39, org.springframework.test.context.support.DirtiesContextBeforeModesTestExecutionListener@57629340, org.springframework.test.context.event.ApplicationEventsTestExecutionListener@5292d417, org.springframework.test.context.support.DependencyInjectionTestExecutionListener@415c5469, org.springframework.test.context.support.DirtiesContextTestExecutionListener@5aef36a9, org.springframework.test.context.transaction.TransactionalTestExecutionListener@19544627, org.springframework.test.context.jdbc.SqlScriptsTestExecutionListener@5da20b76, org.springframework.test.context.event.EventPublishingTestExecutionListener@7e7ee3b7]
[main] INFO org.springframework.test.context.transaction.TransactionContext - Began transaction (1) for test context [DefaultTestContext@2b6d9650 testClass = CategoryMapperTest, testInstance = org.mybatis.jpetstore.mapper.CategoryMapperTest@2287bbd1, testMethod = getCategoryList@CategoryMapperTest, testException = [null], mergedContextConfiguration = [MergedContextConfiguration@41a6cd9e testClass = CategoryMapperTest, locations = '{}', classes = '{class org.mybatis.jpetstore.mapper.MapperTestContext}', contextInitializerClasses = '[]', activeProfiles = '{}', propertySourceLocations = '{}', propertySourceProperties = '{}', contextCustomizers = set[[empty]], contextLoader = 'org.springframework.test.context.support.DelegatingSmartContextLoader', parent = [null]], attributes = map['org.springframework.test.context.event.ApplicationEventsTestExecutionListener.recordApplicationEvents' -> false]]; transaction manager [org.springframework.jdbc.datasource.DataSourceTransactionManager@63893cf6]; rollback [true]
[main] INFO org.springframework.test.context.transaction.TransactionContext - Rolled back transaction for test: [DefaultTestContext@2b6d9650 testClass = CategoryMapperTest, testInstance = org.mybatis.jpetstore.mapper.CategoryMapperTest@2287bbd1, testMethod = getCategoryList@CategoryMapperTest, testException = [null], mergedContextConfiguration = [MergedContextConfiguration@41a6cd9e testClass = CategoryMapperTest, locations = '{}', classes = '{class org.mybatis.jpetstore.mapper.MapperTestContext}', contextInitializerClasses = '[]', activeProfiles = '{}', propertySourceLocations = '{}', propertySourceProperties = '{}', contextCustomizers = set[[empty]], contextLoader = 'org.springframework.test.context.support.DelegatingSmartContextLoader', parent = [null]], attributes = map['org.springframework.test.context.event.ApplicationEventsTestExecutionListener.recordApplicationEvents' -> false]]
]]></system-err>
  </testcase>
  <testcase name="getCategory" classname="org.mybatis.jpetstore.mapper.CategoryMapperTest" time="0.012">
    <system-err><![CDATA[[main] INFO org.springframework.test.context.transaction.TransactionContext - Began transaction (1) for test context [DefaultTestContext@2b6d9650 testClass = CategoryMapperTest, testInstance = org.mybatis.jpetstore.mapper.CategoryMapperTest@1a983294, testMethod = getCategory@CategoryMapperTest, testException = [null], mergedContextConfiguration = [MergedContextConfiguration@41a6cd9e testClass = CategoryMapperTest, locations = '{}', classes = '{class org.mybatis.jpetstore.mapper.MapperTestContext}', contextInitializerClasses = '[]', activeProfiles = '{}', propertySourceLocations = '{}', propertySourceProperties = '{}', contextCustomizers = set[[empty]], contextLoader = 'org.springframework.test.context.support.DelegatingSmartContextLoader', parent = [null]], attributes = map['org.springframework.test.context.event.ApplicationEventsTestExecutionListener.recordApplicationEvents' -> false]]; transaction manager [org.springframework.jdbc.datasource.DataSourceTransactionManager@63893cf6]; rollback [true]
[main] INFO org.springframework.test.context.transaction.TransactionContext - Rolled back transaction for test: [DefaultTestContext@2b6d9650 testClass = CategoryMapperTest, testInstance = org.mybatis.jpetstore.mapper.CategoryMapperTest@1a983294, testMethod = getCategory@CategoryMapperTest, testException = [null], mergedContextConfiguration = [MergedContextConfiguration@41a6cd9e testClass = CategoryMapperTest, locations = '{}', classes = '{class org.mybatis.jpetstore.mapper.MapperTestContext}', contextInitializerClasses = '[]', activeProfiles = '{}', propertySourceLocations = '{}', propertySourceProperties = '{}', contextCustomizers = set[[empty]], contextLoader = 'org.springframework.test.context.support.DelegatingSmartContextLoader', parent = [null]], attributes = map['org.springframework.test.context.event.ApplicationEventsTestExecutionListener.recordApplicationEvents' -> false]]
]]></system-err>
  </testcase>
</testsuite>